<?xml version="1.0" encoding="UTF-8"?>
<testng-results ignored="0" total="1" passed="1" failed="0" skipped="0">
  <reporter-output>
  </reporter-output>
  <suite started-at="2022-05-11T09:23:24 IST" name="Default suite" finished-at="2022-05-11T09:24:20 IST" duration-ms="55548">
    <groups>
    </groups>
    <test started-at="2022-05-11T09:23:24 IST" name="Default test" finished-at="2022-05-11T09:24:20 IST" duration-ms="55548">
      <class name="datadrivenscenarios.Loginnaukriresting">
        <test-method is-config="true" signature="beforeTest()[pri:0, instance:datadrivenscenarios.Loginnaukriresting@43dac38f]" started-at="2022-05-11T09:23:24 IST" name="beforeTest" finished-at="2022-05-11T09:23:38 IST" duration-ms="14143" status="PASS">
          <reporter-output>
          </reporter-output>
        </test-method> <!-- beforeTest -->
        <test-method signature="f()[pri:0, instance:datadrivenscenarios.Loginnaukriresting@43dac38f]" started-at="2022-05-11T09:23:38 IST" name="f" finished-at="2022-05-11T09:24:20 IST" duration-ms="41339" status="PASS">
          <reporter-output>
          </reporter-output>
        </test-method> <!-- f -->
      </class> <!-- datadrivenscenarios.Loginnaukriresting -->
    </test> <!-- Default test -->
  </suite> <!-- Default suite -->
</testng-results>
